<?xml version="1.0" encoding="UTF-8"?>
<testng-results skipped="0" failed="0" ignored="0" total="1" passed="1">
  <reporter-output>
  </reporter-output>
  <suite name="Default suite" duration-ms="58831" started-at="2018-07-11T16:24:52Z" finished-at="2018-07-11T16:25:51Z">
    <groups>
    </groups>
    <test name="Default test" duration-ms="58831" started-at="2018-07-11T16:24:52Z" finished-at="2018-07-11T16:25:51Z">
      <class name="com.accenture.TestCalculatorF.TestCalculadora">
        <test-method status="PASS" signature="setUpAppium()[pri:0, instance:com.accenture.TestCalculatorF.TestCalculadora@481a15ff]" name="setUpAppium" is-config="true" duration-ms="27431" started-at="2018-07-11T16:24:52Z" finished-at="2018-07-11T16:25:19Z">
          <reporter-output>
          </reporter-output>
        </test-method> <!-- setUpAppium -->
        <test-method status="PASS" signature="mytest()[pri:0, instance:com.accenture.TestCalculatorF.TestCalculadora@481a15ff]" name="mytest" duration-ms="26193" started-at="2018-07-11T16:25:19Z" finished-at="2018-07-11T16:25:45Z">
          <reporter-output>
          </reporter-output>
        </test-method> <!-- mytest -->
        <test-method status="PASS" signature="CleanUpAppium()[pri:0, instance:com.accenture.TestCalculatorF.TestCalculadora@481a15ff]" name="CleanUpAppium" is-config="true" duration-ms="5142" started-at="2018-07-11T16:25:45Z" finished-at="2018-07-11T16:25:51Z">
          <reporter-output>
          </reporter-output>
        </test-method> <!-- CleanUpAppium -->
      </class> <!-- com.accenture.TestCalculatorF.TestCalculadora -->
    </test> <!-- Default test -->
  </suite> <!-- Default suite -->
</testng-results>
